<?xml version="1.0" encoding="UTF-8"?>
<robot generator="Robot 4.1.3 (Python 3.10.1 on win32)" generated="20220104 22:14:49.134" rpa="false" schemaversion="2">
<suite id="s1" name="TagsGrouppingTest" source="C:\Users\amirulcse\PycharmProjects\RobotFrameWork\TestCaseAutomation\TagsGrouppingTest.robot">
<kw name="Log To Console" library="BuiltIn" type="SETUP">
<arg>Opening Browser</arg>
<doc>Logs the given message to the console.</doc>
<status status="PASS" starttime="20220104 22:14:49.189" endtime="20220104 22:14:49.190"/>
</kw>
<test id="s1-t1" name="TC1 Prepaid Recharge">
<kw name="Log To Console" library="BuiltIn" type="SETUP">
<arg>Login to application</arg>
<doc>Logs the given message to the console.</doc>
<status status="PASS" starttime="20220104 22:14:49.192" endtime="20220104 22:14:49.192"/>
</kw>
<kw name="Log To Console" library="BuiltIn">
<arg>This is prepaid recharge SanityTest1</arg>
<doc>Logs the given message to the console.</doc>
<status status="PASS" starttime="20220104 22:14:49.193" endtime="20220104 22:14:49.193"/>
</kw>
<kw name="Log To Console" library="BuiltIn">
<arg>This is prepaid recharge SanityTest2</arg>
<doc>Logs the given message to the console.</doc>
<status status="PASS" starttime="20220104 22:14:49.194" endtime="20220104 22:14:49.194"/>
</kw>
<kw name="Log To Console" library="BuiltIn" type="TEARDOWN">
<arg>Logout from application</arg>
<doc>Logs the given message to the console.</doc>
<status status="PASS" starttime="20220104 22:14:49.195" endtime="20220104 22:14:49.195"/>
</kw>
<tag>sanity</tag>
<status status="PASS" starttime="20220104 22:14:49.190" endtime="20220104 22:14:49.196"/>
</test>
<test id="s1-t2" name="TC4 Advanced Search">
<kw name="Log To Console" library="BuiltIn" type="SETUP">
<arg>Login to application</arg>
<doc>Logs the given message to the console.</doc>
<status status="PASS" starttime="20220104 22:14:49.198" endtime="20220104 22:14:49.198"/>
</kw>
<kw name="Log To Console" library="BuiltIn">
<arg>This is prepaid recharge SanityTest1</arg>
<doc>Logs the given message to the console.</doc>
<status status="PASS" starttime="20220104 22:14:49.199" endtime="20220104 22:14:49.199"/>
</kw>
<kw name="Log To Console" library="BuiltIn">
<arg>This is prepaid recharge SanityTest2</arg>
<doc>Logs the given message to the console.</doc>
<status status="PASS" starttime="20220104 22:14:49.200" endtime="20220104 22:14:49.200"/>
</kw>
<kw name="Log To Console" library="BuiltIn" type="TEARDOWN">
<arg>Logout from application</arg>
<doc>Logs the given message to the console.</doc>
<status status="PASS" starttime="20220104 22:14:49.201" endtime="20220104 22:14:49.203"/>
</kw>
<tag>sanity</tag>
<status status="PASS" starttime="20220104 22:14:49.197" endtime="20220104 22:14:49.203"/>
</test>
<kw name="Log To Console" library="BuiltIn" type="TEARDOWN">
<arg>Closing Browser</arg>
<doc>Logs the given message to the console.</doc>
<status status="PASS" starttime="20220104 22:14:49.207" endtime="20220104 22:14:49.208"/>
</kw>
<status status="PASS" starttime="20220104 22:14:49.138" endtime="20220104 22:14:49.208"/>
</suite>
<statistics>
<total>
<stat pass="2" fail="0" skip="0">All Tests</stat>
</total>
<tag>
<stat pass="2" fail="0" skip="0">sanity</stat>
</tag>
<suite>
<stat pass="2" fail="0" skip="0" id="s1" name="TagsGrouppingTest">TagsGrouppingTest</stat>
</suite>
</statistics>
<errors>
</errors>
</robot>
