<?xml version="1.0" encoding="UTF-8"?>
<robot generator="Robot 4.1.1 (Python 3.10.0 on win32)" generated="20211231 19:50:03.226" rpa="false" schemaversion="2">
<suite id="s1" name="Suites">
<suite id="s1-s1" name="B" source="C:\Users\amirulcse\PycharmProjects\Robotpractice\Datadrive\b.robot">
<test id="s1-s1-t1" name="TestingInputBox">
<kw name="Open Browser" library="SeleniumLibrary">
<arg>${url}</arg>
<arg>${browser}</arg>
<doc>Opens a new browser instance to the optional ``url``.</doc>
<msg timestamp="20211231 19:50:03.835" level="INFO">Opening browser 'chrome' to base url 'https://www.selenium.dev/selenium/docs/api/java/index.html?overview-summary.html'.</msg>
<status status="PASS" starttime="20211231 19:50:03.834" endtime="20211231 19:50:20.688"/>
</kw>
<kw name="Maximize Browser Window" library="SeleniumLibrary">
<doc>Maximizes current browser window.</doc>
<status status="PASS" starttime="20211231 19:50:20.689" endtime="20211231 19:50:20.857"/>
</kw>
<kw name="Set Selenium Speed" library="SeleniumLibrary">
<arg>1s</arg>
<doc>Sets the delay that is waited after each Selenium command.</doc>
<status status="PASS" starttime="20211231 19:50:20.858" endtime="20211231 19:50:20.859"/>
</kw>
<kw name="Select Frame" library="SeleniumLibrary">
<arg>packageListFrame</arg>
<doc>Sets frame identified by ``locator`` as the current frame.</doc>
<msg timestamp="20211231 19:50:20.862" level="INFO">Selecting frame 'packageListFrame'.</msg>
<status status="PASS" starttime="20211231 19:50:20.860" endtime="20211231 19:50:22.968"/>
</kw>
<kw name="Click Link" library="SeleniumLibrary">
<arg>org.openqa.selenium</arg>
<doc>Clicks a link identified by ``locator``.</doc>
<msg timestamp="20211231 19:50:22.970" level="INFO">Clicking link 'org.openqa.selenium'.</msg>
<status status="PASS" starttime="20211231 19:50:22.969" endtime="20211231 19:50:26.142"/>
</kw>
<kw name="Unselect Frame" library="SeleniumLibrary">
<doc>Sets the main frame as the current frame.</doc>
<status status="PASS" starttime="20211231 19:50:26.143" endtime="20211231 19:50:27.148"/>
</kw>
<kw name="Select Frame" library="SeleniumLibrary">
<arg>packageFrame</arg>
<doc>Sets frame identified by ``locator`` as the current frame.</doc>
<msg timestamp="20211231 19:50:27.149" level="INFO">Selecting frame 'packageFrame'.</msg>
<status status="PASS" starttime="20211231 19:50:27.148" endtime="20211231 19:50:29.216"/>
</kw>
<kw name="Click Link" library="SeleniumLibrary">
<arg>WebDriver</arg>
<doc>Clicks a link identified by ``locator``.</doc>
<msg timestamp="20211231 19:50:29.219" level="INFO">Clicking link 'WebDriver'.</msg>
<status status="PASS" starttime="20211231 19:50:29.218" endtime="20211231 19:50:32.366"/>
</kw>
<kw name="Unselect Frame" library="SeleniumLibrary">
<doc>Sets the main frame as the current frame.</doc>
<status status="PASS" starttime="20211231 19:50:32.368" endtime="20211231 19:50:33.387"/>
</kw>
<kw name="Select Frame" library="SeleniumLibrary">
<arg>classFrame</arg>
<doc>Sets frame identified by ``locator`` as the current frame.</doc>
<msg timestamp="20211231 19:50:33.391" level="INFO">Selecting frame 'classFrame'.</msg>
<status status="PASS" starttime="20211231 19:50:33.389" endtime="20211231 19:50:35.501"/>
</kw>
<kw name="Click Link" library="SeleniumLibrary">
<arg>Help</arg>
<doc>Clicks a link identified by ``locator``.</doc>
<msg timestamp="20211231 19:50:35.506" level="INFO">Clicking link 'Help'.</msg>
<status status="PASS" starttime="20211231 19:50:35.503" endtime="20211231 19:50:39.340"/>
</kw>
<kw name="Unselect Frame" library="SeleniumLibrary">
<doc>Sets the main frame as the current frame.</doc>
<status status="PASS" starttime="20211231 19:50:39.343" endtime="20211231 19:50:40.397"/>
</kw>
<kw name="Close Browser" library="SeleniumLibrary">
<doc>Closes the current browser.</doc>
<status status="PASS" starttime="20211231 19:50:40.398" endtime="20211231 19:50:44.938"/>
</kw>
<status status="PASS" starttime="20211231 19:50:03.833" endtime="20211231 19:50:44.940"/>
</test>
<status status="PASS" starttime="20211231 19:50:03.360" endtime="20211231 19:50:44.944"/>
</suite>
<status status="PASS" starttime="20211231 19:50:03.291" endtime="20211231 19:50:44.958"/>
</suite>
<statistics>
<total>
<stat pass="1" fail="0" skip="0">All Tests</stat>
</total>
<tag>
</tag>
<suite>
<stat pass="1" fail="0" skip="0" id="s1" name="Suites">Suites</stat>
<stat pass="1" fail="0" skip="0" id="s1-s1" name="B">Suites.B</stat>
</suite>
</statistics>
<errors>
</errors>
</robot>
