<?xml version="1.0" encoding="UTF-8"?>
<robot generator="Rebot 4.1.1 (Python 3.10.0 on win32)" generated="20211231 19:50:45.533" rpa="false" schemaversion="2">
<suite id="s1" name="Suites">
<suite id="s1-s1" name="A" source="C:\Users\amirulcse\PycharmProjects\Robotpractice\Datadrive\a.robot">
<test id="s1-s1-t1" name="TestingInputBox">
<kw name="Open Browser" library="SeleniumLibrary">
<arg>${url}</arg>
<arg>${browser}</arg>
<doc>Opens a new browser instance to the optional ``url``.</doc>
<msg timestamp="20211231 19:50:03.844" level="INFO">Opening browser 'chrome' to base url 'https://www.countries-ofthe-world.com/flags-of-the-world.html'.</msg>
<status status="PASS" starttime="20211231 19:50:03.843" endtime="20211231 19:50:23.456"/>
</kw>
<kw name="Maximize Browser Window" library="SeleniumLibrary">
<doc>Maximizes current browser window.</doc>
<status status="PASS" starttime="20211231 19:50:23.456" endtime="20211231 19:50:23.577"/>
</kw>
<kw name="Execute Javascript" library="SeleniumLibrary">
<arg>window.scrollTo(0, 5000)</arg>
<doc>Executes the given JavaScript code with possible arguments.</doc>
<msg timestamp="20211231 19:50:23.581" level="INFO">Executing JavaScript:
window.scrollTo(0, 5000)
Without any arguments.</msg>
<status status="PASS" starttime="20211231 19:50:23.578" endtime="20211231 19:50:23.599"/>
</kw>
<kw name="Sleep" library="BuiltIn">
<arg>3</arg>
<doc>Pauses the test executed for the given time.</doc>
<msg timestamp="20211231 19:50:26.612" level="INFO">Slept 3 seconds</msg>
<status status="PASS" starttime="20211231 19:50:23.600" endtime="20211231 19:50:26.613"/>
</kw>
<kw name="Execute Javascript" library="SeleniumLibrary">
<arg>window.scrollTo(0, -5000)</arg>
<doc>Executes the given JavaScript code with possible arguments.</doc>
<msg timestamp="20211231 19:50:26.617" level="INFO">Executing JavaScript:
window.scrollTo(0, -5000)
Without any arguments.</msg>
<status status="PASS" starttime="20211231 19:50:26.614" endtime="20211231 19:50:26.669"/>
</kw>
<kw name="Sleep" library="BuiltIn">
<arg>3</arg>
<doc>Pauses the test executed for the given time.</doc>
<msg timestamp="20211231 19:50:29.672" level="INFO">Slept 3 seconds</msg>
<status status="PASS" starttime="20211231 19:50:26.670" endtime="20211231 19:50:29.673"/>
</kw>
<kw name="Scroll Element Into View" library="SeleniumLibrary">
<arg>xpath://img[@alt='Flag of Germany']</arg>
<doc>Scrolls the element identified by ``locator`` into view.</doc>
<status status="PASS" starttime="20211231 19:50:29.675" endtime="20211231 19:50:30.016"/>
</kw>
<kw name="Sleep" library="BuiltIn">
<arg>3</arg>
<doc>Pauses the test executed for the given time.</doc>
<msg timestamp="20211231 19:50:33.022" level="INFO">Slept 3 seconds</msg>
<status status="PASS" starttime="20211231 19:50:30.016" endtime="20211231 19:50:33.023"/>
</kw>
<kw name="Execute Javascript" library="SeleniumLibrary">
<arg>window.scrollTo(0, document.body.scrollHeight)</arg>
<doc>Executes the given JavaScript code with possible arguments.</doc>
<msg timestamp="20211231 19:50:33.030" level="INFO">Executing JavaScript:
window.scrollTo(0, document.body.scrollHeight)
Without any arguments.</msg>
<status status="PASS" starttime="20211231 19:50:33.025" endtime="20211231 19:50:33.121"/>
</kw>
<kw name="Sleep" library="BuiltIn">
<arg>3s</arg>
<doc>Pauses the test executed for the given time.</doc>
<msg timestamp="20211231 19:50:36.142" level="INFO">Slept 3 seconds</msg>
<status status="PASS" starttime="20211231 19:50:33.123" endtime="20211231 19:50:36.143"/>
</kw>
<kw name="Execute Javascript" library="SeleniumLibrary">
<arg>window.scrollTo(0, -document.body.scrollHeight)</arg>
<doc>Executes the given JavaScript code with possible arguments.</doc>
<msg timestamp="20211231 19:50:36.148" level="INFO">Executing JavaScript:
window.scrollTo(0, -document.body.scrollHeight)
Without any arguments.</msg>
<status status="PASS" starttime="20211231 19:50:36.144" endtime="20211231 19:50:36.307"/>
</kw>
<kw name="Sleep" library="BuiltIn">
<arg>3</arg>
<doc>Pauses the test executed for the given time.</doc>
<msg timestamp="20211231 19:50:39.324" level="INFO">Slept 3 seconds</msg>
<status status="PASS" starttime="20211231 19:50:36.309" endtime="20211231 19:50:39.325"/>
</kw>
<kw name="Close Browser" library="SeleniumLibrary">
<doc>Closes the current browser.</doc>
<status status="PASS" starttime="20211231 19:50:39.325" endtime="20211231 19:50:41.798"/>
</kw>
<status status="PASS" starttime="20211231 19:50:03.840" endtime="20211231 19:50:41.799"/>
</test>
<status status="PASS" starttime="20211231 19:50:03.364" endtime="20211231 19:50:41.802"/>
</suite>
<suite id="s1-s2" name="B" source="C:\Users\amirulcse\PycharmProjects\Robotpractice\Datadrive\b.robot">
<test id="s1-s2-t1" name="TestingInputBox">
<kw name="Open Browser" library="SeleniumLibrary">
<arg>${url}</arg>
<arg>${browser}</arg>
<doc>Opens a new browser instance to the optional ``url``.</doc>
<msg timestamp="20211231 19:50:03.835" level="INFO">Opening browser 'chrome' to base url 'https://www.selenium.dev/selenium/docs/api/java/index.html?overview-summary.html'.</msg>
<status status="PASS" starttime="20211231 19:50:03.834" endtime="20211231 19:50:20.688"/>
</kw>
<kw name="Maximize Browser Window" library="SeleniumLibrary">
<doc>Maximizes current browser window.</doc>
<status status="PASS" starttime="20211231 19:50:20.689" endtime="20211231 19:50:20.857"/>
</kw>
<kw name="Set Selenium Speed" library="SeleniumLibrary">
<arg>1s</arg>
<doc>Sets the delay that is waited after each Selenium command.</doc>
<status status="PASS" starttime="20211231 19:50:20.858" endtime="20211231 19:50:20.859"/>
</kw>
<kw name="Select Frame" library="SeleniumLibrary">
<arg>packageListFrame</arg>
<doc>Sets frame identified by ``locator`` as the current frame.</doc>
<msg timestamp="20211231 19:50:20.862" level="INFO">Selecting frame 'packageListFrame'.</msg>
<status status="PASS" starttime="20211231 19:50:20.860" endtime="20211231 19:50:22.968"/>
</kw>
<kw name="Click Link" library="SeleniumLibrary">
<arg>org.openqa.selenium</arg>
<doc>Clicks a link identified by ``locator``.</doc>
<msg timestamp="20211231 19:50:22.970" level="INFO">Clicking link 'org.openqa.selenium'.</msg>
<status status="PASS" starttime="20211231 19:50:22.969" endtime="20211231 19:50:26.142"/>
</kw>
<kw name="Unselect Frame" library="SeleniumLibrary">
<doc>Sets the main frame as the current frame.</doc>
<status status="PASS" starttime="20211231 19:50:26.143" endtime="20211231 19:50:27.148"/>
</kw>
<kw name="Select Frame" library="SeleniumLibrary">
<arg>packageFrame</arg>
<doc>Sets frame identified by ``locator`` as the current frame.</doc>
<msg timestamp="20211231 19:50:27.149" level="INFO">Selecting frame 'packageFrame'.</msg>
<status status="PASS" starttime="20211231 19:50:27.148" endtime="20211231 19:50:29.216"/>
</kw>
<kw name="Click Link" library="SeleniumLibrary">
<arg>WebDriver</arg>
<doc>Clicks a link identified by ``locator``.</doc>
<msg timestamp="20211231 19:50:29.219" level="INFO">Clicking link 'WebDriver'.</msg>
<status status="PASS" starttime="20211231 19:50:29.218" endtime="20211231 19:50:32.366"/>
</kw>
<kw name="Unselect Frame" library="SeleniumLibrary">
<doc>Sets the main frame as the current frame.</doc>
<status status="PASS" starttime="20211231 19:50:32.368" endtime="20211231 19:50:33.387"/>
</kw>
<kw name="Select Frame" library="SeleniumLibrary">
<arg>classFrame</arg>
<doc>Sets frame identified by ``locator`` as the current frame.</doc>
<msg timestamp="20211231 19:50:33.391" level="INFO">Selecting frame 'classFrame'.</msg>
<status status="PASS" starttime="20211231 19:50:33.389" endtime="20211231 19:50:35.501"/>
</kw>
<kw name="Click Link" library="SeleniumLibrary">
<arg>Help</arg>
<doc>Clicks a link identified by ``locator``.</doc>
<msg timestamp="20211231 19:50:35.506" level="INFO">Clicking link 'Help'.</msg>
<status status="PASS" starttime="20211231 19:50:35.503" endtime="20211231 19:50:39.340"/>
</kw>
<kw name="Unselect Frame" library="SeleniumLibrary">
<doc>Sets the main frame as the current frame.</doc>
<status status="PASS" starttime="20211231 19:50:39.343" endtime="20211231 19:50:40.397"/>
</kw>
<kw name="Close Browser" library="SeleniumLibrary">
<doc>Closes the current browser.</doc>
<status status="PASS" starttime="20211231 19:50:40.398" endtime="20211231 19:50:44.938"/>
</kw>
<status status="PASS" starttime="20211231 19:50:03.833" endtime="20211231 19:50:44.940"/>
</test>
<status status="PASS" starttime="20211231 19:50:03.360" endtime="20211231 19:50:44.944"/>
</suite>
<doc>[https://pabot.org/?ref=log|Pabot] result from 2 executions.</doc>
<status status="PASS" starttime="20211231 19:50:03.291" endtime="20211231 19:50:44.958"/>
</suite>
<statistics>
<total>
<stat pass="2" fail="0" skip="0">All Tests</stat>
</total>
<tag>
</tag>
<suite>
<stat pass="2" fail="0" skip="0" id="s1" name="Suites">Suites</stat>
<stat pass="1" fail="0" skip="0" id="s1-s1" name="A">Suites.A</stat>
<stat pass="1" fail="0" skip="0" id="s1-s2" name="B">Suites.B</stat>
</suite>
</statistics>
<errors>
</errors>
</robot>
