<?xml version="1.0" encoding="UTF-8"?>
<robot generator="Robot 4.1.1 (Python 3.10.0 on win32)" generated="20211231 14:52:26.775" rpa="false" schemaversion="2">
<suite id="s1" name="Suites">
<suite id="s1-s1" name="A" source="C:\Users\amirulcse\PycharmProjects\Robotpractice\Datadrive\a.robot">
<test id="s1-s1-t1" name="TestingInputBox">
<kw name="Open Browser" library="SeleniumLibrary">
<arg>${url}</arg>
<arg>${browser}</arg>
<doc>Opens a new browser instance to the optional ``url``.</doc>
<msg timestamp="20211231 14:52:27.253" level="INFO">Opening browser 'chrome' to base url 'https://www.countries-ofthe-world.com/flags-of-the-world.html'.</msg>
<status status="PASS" starttime="20211231 14:52:27.252" endtime="20211231 14:52:34.857"/>
</kw>
<kw name="Maximize Browser Window" library="SeleniumLibrary">
<doc>Maximizes current browser window.</doc>
<status status="PASS" starttime="20211231 14:52:34.858" endtime="20211231 14:52:34.989"/>
</kw>
<kw name="Execute Javascript" library="SeleniumLibrary">
<arg>window.scrollTo(0, 5000)</arg>
<doc>Executes the given JavaScript code with possible arguments.</doc>
<msg timestamp="20211231 14:52:34.991" level="INFO">Executing JavaScript:
window.scrollTo(0, 5000)
Without any arguments.</msg>
<status status="PASS" starttime="20211231 14:52:34.989" endtime="20211231 14:52:35.012"/>
</kw>
<kw name="Sleep" library="BuiltIn">
<arg>3</arg>
<doc>Pauses the test executed for the given time.</doc>
<msg timestamp="20211231 14:52:38.024" level="INFO">Slept 3 seconds</msg>
<status status="PASS" starttime="20211231 14:52:35.012" endtime="20211231 14:52:38.024"/>
</kw>
<kw name="Execute Javascript" library="SeleniumLibrary">
<arg>window.scrollTo(0, -5000)</arg>
<doc>Executes the given JavaScript code with possible arguments.</doc>
<msg timestamp="20211231 14:52:38.027" level="INFO">Executing JavaScript:
window.scrollTo(0, -5000)
Without any arguments.</msg>
<status status="PASS" starttime="20211231 14:52:38.025" endtime="20211231 14:52:38.046"/>
</kw>
<kw name="Sleep" library="BuiltIn">
<arg>3</arg>
<doc>Pauses the test executed for the given time.</doc>
<msg timestamp="20211231 14:52:41.053" level="INFO">Slept 3 seconds</msg>
<status status="PASS" starttime="20211231 14:52:38.047" endtime="20211231 14:52:41.053"/>
</kw>
<kw name="Scroll Element Into View" library="SeleniumLibrary">
<arg>xpath://img[@alt='Flag of Germany']</arg>
<doc>Scrolls the element identified by ``locator`` into view.</doc>
<status status="PASS" starttime="20211231 14:52:41.053" endtime="20211231 14:52:41.354"/>
</kw>
<kw name="Sleep" library="BuiltIn">
<arg>3</arg>
<doc>Pauses the test executed for the given time.</doc>
<msg timestamp="20211231 14:52:44.368" level="INFO">Slept 3 seconds</msg>
<status status="PASS" starttime="20211231 14:52:41.355" endtime="20211231 14:52:44.368"/>
</kw>
<kw name="Execute Javascript" library="SeleniumLibrary">
<arg>window.scrollTo(0, document.body.scrollHeight)</arg>
<doc>Executes the given JavaScript code with possible arguments.</doc>
<msg timestamp="20211231 14:52:44.370" level="INFO">Executing JavaScript:
window.scrollTo(0, document.body.scrollHeight)
Without any arguments.</msg>
<status status="PASS" starttime="20211231 14:52:44.368" endtime="20211231 14:52:44.383"/>
</kw>
<kw name="Sleep" library="BuiltIn">
<arg>3s</arg>
<doc>Pauses the test executed for the given time.</doc>
<msg timestamp="20211231 14:52:47.395" level="INFO">Slept 3 seconds</msg>
<status status="PASS" starttime="20211231 14:52:44.384" endtime="20211231 14:52:47.395"/>
</kw>
<kw name="Execute Javascript" library="SeleniumLibrary">
<arg>window.scrollTo(0, -document.body.scrollHeight)</arg>
<doc>Executes the given JavaScript code with possible arguments.</doc>
<msg timestamp="20211231 14:52:47.396" level="INFO">Executing JavaScript:
window.scrollTo(0, -document.body.scrollHeight)
Without any arguments.</msg>
<status status="PASS" starttime="20211231 14:52:47.395" endtime="20211231 14:52:47.417"/>
</kw>
<kw name="Sleep" library="BuiltIn">
<arg>3</arg>
<doc>Pauses the test executed for the given time.</doc>
<msg timestamp="20211231 14:52:50.431" level="INFO">Slept 3 seconds</msg>
<status status="PASS" starttime="20211231 14:52:47.418" endtime="20211231 14:52:50.432"/>
</kw>
<kw name="Close Browser" library="SeleniumLibrary">
<doc>Closes the current browser.</doc>
<status status="PASS" starttime="20211231 14:52:50.433" endtime="20211231 14:52:52.753"/>
</kw>
<status status="PASS" starttime="20211231 14:52:27.251" endtime="20211231 14:52:52.754"/>
</test>
<status status="PASS" starttime="20211231 14:52:26.840" endtime="20211231 14:52:52.757"/>
</suite>
<status status="PASS" starttime="20211231 14:52:26.794" endtime="20211231 14:52:52.763"/>
</suite>
<statistics>
<total>
<stat pass="1" fail="0" skip="0">All Tests</stat>
</total>
<tag>
</tag>
<suite>
<stat pass="1" fail="0" skip="0" id="s1" name="Suites">Suites</stat>
<stat pass="1" fail="0" skip="0" id="s1-s1" name="A">Suites.A</stat>
</suite>
</statistics>
<errors>
</errors>
</robot>
