<?xml version="1.0" encoding="UTF-8"?>
<robot generator="Robot 4.1.1 (Python 3.10.0 on win32)" generated="20211231 14:52:53.620" rpa="false" schemaversion="2">
<suite id="s1" name="Suites">
<suite id="s1-s1" name="B" source="C:\Users\amirulcse\PycharmProjects\Robotpractice\Datadrive\b.robot">
<test id="s1-s1-t1" name="TestingInputBox">
<kw name="Open Browser" library="SeleniumLibrary">
<arg>${url}</arg>
<arg>${browser}</arg>
<doc>Opens a new browser instance to the optional ``url``.</doc>
<msg timestamp="20211231 14:52:54.243" level="INFO">Opening browser 'chrome' to base url 'https://www.selenium.dev/selenium/docs/api/java/index.html?overview-summary.html'.</msg>
<status status="PASS" starttime="20211231 14:52:54.242" endtime="20211231 14:52:59.214"/>
</kw>
<kw name="Maximize Browser Window" library="SeleniumLibrary">
<doc>Maximizes current browser window.</doc>
<status status="PASS" starttime="20211231 14:52:59.215" endtime="20211231 14:52:59.410"/>
</kw>
<kw name="Set Selenium Speed" library="SeleniumLibrary">
<arg>1s</arg>
<doc>Sets the delay that is waited after each Selenium command.</doc>
<status status="PASS" starttime="20211231 14:52:59.410" endtime="20211231 14:52:59.412"/>
</kw>
<kw name="Select Frame" library="SeleniumLibrary">
<arg>packageListFrame</arg>
<doc>Sets frame identified by ``locator`` as the current frame.</doc>
<msg timestamp="20211231 14:52:59.414" level="INFO">Selecting frame 'packageListFrame'.</msg>
<status status="PASS" starttime="20211231 14:52:59.413" endtime="20211231 14:53:01.551"/>
</kw>
<kw name="Click Link" library="SeleniumLibrary">
<arg>org.openqa.selenium</arg>
<doc>Clicks a link identified by ``locator``.</doc>
<msg timestamp="20211231 14:53:01.554" level="INFO">Clicking link 'org.openqa.selenium'.</msg>
<status status="PASS" starttime="20211231 14:53:01.552" endtime="20211231 14:53:04.732"/>
</kw>
<kw name="Unselect Frame" library="SeleniumLibrary">
<doc>Sets the main frame as the current frame.</doc>
<status status="PASS" starttime="20211231 14:53:04.732" endtime="20211231 14:53:05.741"/>
</kw>
<kw name="Select Frame" library="SeleniumLibrary">
<arg>packageFrame</arg>
<doc>Sets frame identified by ``locator`` as the current frame.</doc>
<msg timestamp="20211231 14:53:05.742" level="INFO">Selecting frame 'packageFrame'.</msg>
<status status="PASS" starttime="20211231 14:53:05.741" endtime="20211231 14:53:07.796"/>
</kw>
<kw name="Click Link" library="SeleniumLibrary">
<arg>WebDriver</arg>
<doc>Clicks a link identified by ``locator``.</doc>
<msg timestamp="20211231 14:53:07.798" level="INFO">Clicking link 'WebDriver'.</msg>
<status status="PASS" starttime="20211231 14:53:07.797" endtime="20211231 14:53:10.982"/>
</kw>
<kw name="Unselect Frame" library="SeleniumLibrary">
<doc>Sets the main frame as the current frame.</doc>
<status status="PASS" starttime="20211231 14:53:10.983" endtime="20211231 14:53:11.991"/>
</kw>
<kw name="Select Frame" library="SeleniumLibrary">
<arg>classFrame</arg>
<doc>Sets frame identified by ``locator`` as the current frame.</doc>
<msg timestamp="20211231 14:53:11.993" level="INFO">Selecting frame 'classFrame'.</msg>
<status status="PASS" starttime="20211231 14:53:11.992" endtime="20211231 14:53:14.076"/>
</kw>
<kw name="Click Link" library="SeleniumLibrary">
<arg>Help</arg>
<doc>Clicks a link identified by ``locator``.</doc>
<msg timestamp="20211231 14:53:14.079" level="INFO">Clicking link 'Help'.</msg>
<status status="PASS" starttime="20211231 14:53:14.078" endtime="20211231 14:53:17.576"/>
</kw>
<kw name="Unselect Frame" library="SeleniumLibrary">
<doc>Sets the main frame as the current frame.</doc>
<status status="PASS" starttime="20211231 14:53:17.577" endtime="20211231 14:53:18.594"/>
</kw>
<kw name="Close Browser" library="SeleniumLibrary">
<doc>Closes the current browser.</doc>
<status status="PASS" starttime="20211231 14:53:18.596" endtime="20211231 14:53:21.915"/>
</kw>
<status status="PASS" starttime="20211231 14:52:54.241" endtime="20211231 14:53:21.916"/>
</test>
<status status="PASS" starttime="20211231 14:52:53.695" endtime="20211231 14:53:21.918"/>
</suite>
<status status="PASS" starttime="20211231 14:52:53.641" endtime="20211231 14:53:21.921"/>
</suite>
<statistics>
<total>
<stat pass="1" fail="0" skip="0">All Tests</stat>
</total>
<tag>
</tag>
<suite>
<stat pass="1" fail="0" skip="0" id="s1" name="Suites">Suites</stat>
<stat pass="1" fail="0" skip="0" id="s1-s1" name="B">Suites.B</stat>
</suite>
</statistics>
<errors>
</errors>
</robot>
